<?xml version="1.0" encoding="utf-8"?><testsuites name="pytest tests"><testsuite name="pytest" errors="0" failures="0" skipped="0" tests="18" time="3.785" timestamp="2026-09-10T16:52:26.689559+00:00" hostname="agent-env-7c2a5902-2568-4d95-87de-3651b8e8a3b0"><testcase classname="tests.test_central_ia" name="test_providers_endpoint_lists_groq" time="0.727" /><testcase classname="tests.test_central_ia" name="test_credentials_initially_empty" time="0.044" /><testcase classname="tests.test_central_ia" name="test_test_invalid_groq_key" time="0.211" /><testcase classname="tests.test_central_ia" name="test_create_credential_masked" time="0.047" /><testcase classname="tests.test_central_ia" name="test_list_returns_masked_credential" time="0.044" /><testcase classname="tests.test_central_ia" name="test_test_stored_credential_fails_safely" time="0.141" /><testcase classname="tests.test_central_ia" name="test_ai_models_requires_active_valid_key" time="0.195" /><testcase classname="tests.test_central_ia" name="test_legacy_ai_provider_accepts_groq" time="0.048" /><testcase classname="tests.test_central_ia" name="test_legacy_ai_provider_get_returns_key_configured" time="0.045" /><testcase classname="tests.test_central_ia" name="test_admin_health_ok" time="0.048" /><testcase classname="tests.test_central_ia" name="test_audit_log_contains_save_event_no_key" time="0.005" /><testcase classname="tests.test_central_ia" name="test_delete_credential" time="0.088" /><testcase classname="tests.test_central_ia" name="test_audit_log_contains_remove_event" time="0.049" /><testcase classname="tests.test_central_ia" name="test_non_admin_forbidden_get" time="0.140" /><testcase classname="tests.test_central_ia" name="test_non_admin_forbidden_put" time="0.044" /><testcase classname="tests.test_central_ia" name="test_unauthenticated_401" time="0.106" /><testcase classname="tests.test_central_ia" name="test_sandbox_test_mode" time="0.691" /><testcase classname="tests.test_central_ia" name="test_backend_logs_no_key" time="0.005" /></testsuite></testsuites>