<?xml version="1.0" encoding="utf-8"?><testsuites name="pytest tests"><testsuite name="pytest" errors="0" failures="0" skipped="0" tests="8" time="3.523" timestamp="2026-09-10T16:52:17.941429+00:00" hostname="agent-env-7c2a5902-2568-4d95-87de-3651b8e8a3b0"><testcase classname="tests.test_groq_real" name="test_probe_default_model_success" time="1.077" /><testcase classname="tests.test_groq_real" name="test_probe_sunset_model_autodiscovers" time="0.976" /><testcase classname="tests.test_groq_real" name="test_put_credential_masked" time="0.047" /><testcase classname="tests.test_groq_real" name="test_sandbox_chat_uses_real_groq" time="0.765" /><testcase classname="tests.test_groq_real" name="test_delete_groq_credential" time="0.005" /><testcase classname="tests.test_groq_real" name="test_audit_log_never_contains_key" time="0.005" /><testcase classname="tests.test_groq_real" name="test_supervisor_logs_never_contain_key" time="0.001" /><testcase classname="tests.test_groq_real" name="test_real_key_not_in_test_files" time="0.047" /></testsuite></testsuites>